<?xml version="1.0" encoding="UTF-8"?>
<!-- Generated by org.testng.reporters.JUnitXMLReporter -->
<testsuite hostname="appdevw10-066" ignored="3" tests="0" failures="0" timestamp="2023-08-07T06:32:03 IST" time="0.015" errors="0">
  <testcase name="test1" time="0.0" classname="org.wsi.studyhall.ExcludeTc">
    <ignored/>
  </testcase> <!-- test1 -->
  <testcase name="test3" time="0.0" classname="org.wsi.studyhall.ExcludeTc">
    <ignored/>
  </testcase> <!-- test3 -->
  <testcase name="test2" time="0.0" classname="org.wsi.studyhall.ExcludeTc">
    <ignored/>
  </testcase> <!-- test2 -->
</testsuite>
