<?xml version="1.0" encoding="UTF-8"?>
<testng-results skipped="0" failed="0" ignored="0" total="2" passed="2">
  <reporter-output>
    <line>
      <![CDATA[Inside Before Test]]>
    </line>
    <line>
      <![CDATA[Before Method]]>
    </line>
    <line>
      <![CDATA[After driver launch]]>
    </line>
    <line>
      <![CDATA[After opening google website url]]>
    </line>
    <line>
      <![CDATA[After window Maximize]]>
    </line>
    <line>
      <![CDATA[finding search_box element]]>
    </line>
    <line>
      <![CDATA[Inserting text in the search engine]]>
    </line>
    <line>
      <![CDATA[Click on search engine after providing the search text]]>
    </line>
    <line>
      <![CDATA[Finding  AllFilter drop down Webelement]]>
    </line>
    <line>
      <![CDATA[After clicking AllFilterDropDown]]>
    </line>
    <line>
      <![CDATA[After Method]]>
    </line>
    <line>
      <![CDATA[Before Method]]>
    </line>
    <line>
      <![CDATA[Second Test]]>
    </line>
    <line>
      <![CDATA[After Method]]>
    </line>
    <line>
      <![CDATA[Inside After Test]]>
    </line>
    <line>
      <![CDATA[Browser quit done]]>
    </line>
  </reporter-output>
  <suite name="Default suite" duration-ms="11745" started-at="2023-08-30T07:23:37 IST" finished-at="2023-08-30T07:23:49 IST">
    <groups>
    </groups>
    <test name="Default test" duration-ms="11745" started-at="2023-08-30T07:23:37 IST" finished-at="2023-08-30T07:23:49 IST">
      <class name="org.wsi.studyhall.AppTest">
        <test-method status="PASS" signature="Before()[pri:0, instance:org.wsi.studyhall.AppTest@71bbf57e]" name="Before" is-config="true" duration-ms="15" started-at="2023-08-30T07:23:37 IST" finished-at="2023-08-30T07:23:37 IST">
          <reporter-output>
            <line>
              <![CDATA[Inside Before Test]]>
            </line>
          </reporter-output>
        </test-method> <!-- Before -->
        <test-method status="PASS" signature="beforeClass()[pri:0, instance:org.wsi.studyhall.AppTest@71bbf57e]" name="beforeClass" is-config="true" duration-ms="1" started-at="2023-08-30T07:23:37 IST" finished-at="2023-08-30T07:23:37 IST">
          <reporter-output>
          </reporter-output>
        </test-method> <!-- beforeClass -->
        <test-method status="PASS" signature="BeforeM()[pri:0, instance:org.wsi.studyhall.AppTest@71bbf57e]" name="BeforeM" is-config="true" duration-ms="1" started-at="2023-08-30T07:23:37 IST" finished-at="2023-08-30T07:23:37 IST">
          <reporter-output>
            <line>
              <![CDATA[Before Method]]>
            </line>
          </reporter-output>
        </test-method> <!-- BeforeM -->
        <test-method status="PASS" signature="shouldAnswerWithTrue()[pri:1, instance:org.wsi.studyhall.AppTest@71bbf57e]" name="shouldAnswerWithTrue" duration-ms="10740" started-at="2023-08-30T07:23:37 IST" finished-at="2023-08-30T07:23:48 IST">
          <reporter-output>
            <line>
              <![CDATA[After driver launch]]>
            </line>
            <line>
              <![CDATA[After opening google website url]]>
            </line>
            <line>
              <![CDATA[After window Maximize]]>
            </line>
            <line>
              <![CDATA[finding search_box element]]>
            </line>
            <line>
              <![CDATA[Inserting text in the search engine]]>
            </line>
            <line>
              <![CDATA[Click on search engine after providing the search text]]>
            </line>
            <line>
              <![CDATA[Finding  AllFilter drop down Webelement]]>
            </line>
            <line>
              <![CDATA[After clicking AllFilterDropDown]]>
            </line>
          </reporter-output>
        </test-method> <!-- shouldAnswerWithTrue -->
        <test-method status="PASS" signature="AfterM()[pri:0, instance:org.wsi.studyhall.AppTest@71bbf57e]" name="AfterM" is-config="true" duration-ms="0" started-at="2023-08-30T07:23:48 IST" finished-at="2023-08-30T07:23:48 IST">
          <reporter-output>
            <line>
              <![CDATA[After Method]]>
            </line>
          </reporter-output>
        </test-method> <!-- AfterM -->
        <test-method status="PASS" signature="BeforeM()[pri:0, instance:org.wsi.studyhall.AppTest@71bbf57e]" name="BeforeM" is-config="true" duration-ms="1" started-at="2023-08-30T07:23:48 IST" finished-at="2023-08-30T07:23:48 IST">
          <reporter-output>
            <line>
              <![CDATA[Before Method]]>
            </line>
          </reporter-output>
        </test-method> <!-- BeforeM -->
        <test-method status="PASS" signature="SecondTest()[pri:2, instance:org.wsi.studyhall.AppTest@71bbf57e]" name="SecondTest" duration-ms="1" started-at="2023-08-30T07:23:48 IST" finished-at="2023-08-30T07:23:48 IST">
          <reporter-output>
            <line>
              <![CDATA[Second Test]]>
            </line>
          </reporter-output>
        </test-method> <!-- SecondTest -->
        <test-method status="PASS" signature="AfterM()[pri:0, instance:org.wsi.studyhall.AppTest@71bbf57e]" name="AfterM" is-config="true" duration-ms="1" started-at="2023-08-30T07:23:48 IST" finished-at="2023-08-30T07:23:48 IST">
          <reporter-output>
            <line>
              <![CDATA[After Method]]>
            </line>
          </reporter-output>
        </test-method> <!-- AfterM -->
        <test-method status="PASS" signature="afterClass()[pri:0, instance:org.wsi.studyhall.AppTest@71bbf57e]" name="afterClass" is-config="true" duration-ms="1" started-at="2023-08-30T07:23:48 IST" finished-at="2023-08-30T07:23:48 IST">
          <reporter-output>
          </reporter-output>
        </test-method> <!-- afterClass -->
        <test-method status="PASS" signature="reportTest()[pri:0, instance:org.wsi.studyhall.AppTest@71bbf57e]" name="reportTest" is-config="true" duration-ms="938" started-at="2023-08-30T07:23:48 IST" finished-at="2023-08-30T07:23:49 IST">
          <reporter-output>
            <line>
              <![CDATA[Inside After Test]]>
            </line>
            <line>
              <![CDATA[Browser quit done]]>
            </line>
          </reporter-output>
        </test-method> <!-- reportTest -->
      </class> <!-- org.wsi.studyhall.AppTest -->
    </test> <!-- Default test -->
  </suite> <!-- Default suite -->
</testng-results>
